<?xml version="1.0" encoding="UTF-8"?>
<testsuite name="come.projects.cinemarestapi.CinemaRestApiApplicationTests" tests="1" skipped="0" failures="0" errors="0" timestamp="2022-07-30T05:59:11" hostname="DESKTOP-DM0E31D" time="0.242">
  <properties/>
  <testcase name="contextLoads()" classname="come.projects.cinemarestapi.CinemaRestApiApplicationTests" time="0.242"/>
  <system-out><![CDATA[07:59:10.542 [Test worker] DEBUG org.springframework.test.context.BootstrapUtils - Instantiating CacheAwareContextLoaderDelegate from class [org.springframework.test.context.cache.DefaultCacheAwareContextLoaderDelegate]
07:59:10.548 [Test worker] DEBUG org.springframework.test.context.BootstrapUtils - Instantiating BootstrapContext using constructor [public org.springframework.test.context.support.DefaultBootstrapContext(java.lang.Class,org.springframework.test.context.CacheAwareContextLoaderDelegate)]
07:59:10.574 [Test worker] DEBUG org.springframework.test.context.BootstrapUtils - Instantiating TestContextBootstrapper for test class [come.projects.cinemarestapi.CinemaRestApiApplicationTests] from class [org.springframework.boot.test.context.SpringBootTestContextBootstrapper]
07:59:10.582 [Test worker] INFO org.springframework.boot.test.context.SpringBootTestContextBootstrapper - Neither @ContextConfiguration nor @ContextHierarchy found for test class [come.projects.cinemarestapi.CinemaRestApiApplicationTests], using SpringBootContextLoader
07:59:10.584 [Test worker] DEBUG org.springframework.test.context.support.AbstractContextLoader - Did not detect default resource location for test class [come.projects.cinemarestapi.CinemaRestApiApplicationTests]: class path resource [come/projects/cinemarestapi/CinemaRestApiApplicationTests-context.xml] does not exist
07:59:10.584 [Test worker] DEBUG org.springframework.test.context.support.AbstractContextLoader - Did not detect default resource location for test class [come.projects.cinemarestapi.CinemaRestApiApplicationTests]: class path resource [come/projects/cinemarestapi/CinemaRestApiApplicationTestsContext.groovy] does not exist
07:59:10.584 [Test worker] INFO org.springframework.test.context.support.AbstractContextLoader - Could not detect default resource locations for test class [come.projects.cinemarestapi.CinemaRestApiApplicationTests]: no resource found for suffixes {-context.xml, Context.groovy}.
07:59:10.585 [Test worker] INFO org.springframework.test.context.support.AnnotationConfigContextLoaderUtils - Could not detect default configuration classes for test class [come.projects.cinemarestapi.CinemaRestApiApplicationTests]: CinemaRestApiApplicationTests does not declare any static, non-private, non-final, nested classes annotated with @Configuration.
07:59:10.608 [Test worker] DEBUG org.springframework.test.context.support.ActiveProfilesUtils - Could not find an 'annotation declaring class' for annotation type [org.springframework.test.context.ActiveProfiles] and class [come.projects.cinemarestapi.CinemaRestApiApplicationTests]
07:59:10.643 [Test worker] DEBUG org.springframework.context.annotation.ClassPathScanningCandidateComponentProvider - Identified candidate component class: file [/home/mclilzee/repo/cinema-rest-api/build/classes/java/main/come/projects/cinemarestapi/CinemaRestApiApplication.class]
07:59:10.651 [Test worker] INFO org.springframework.boot.test.context.SpringBootTestContextBootstrapper - Found @SpringBootConfiguration come.projects.cinemarestapi.CinemaRestApiApplication for test class come.projects.cinemarestapi.CinemaRestApiApplicationTests
07:59:10.705 [Test worker] DEBUG org.springframework.boot.test.context.SpringBootTestContextBootstrapper - @TestExecutionListeners is not present for class [come.projects.cinemarestapi.CinemaRestApiApplicationTests]: using defaults.
07:59:10.705 [Test worker] INFO org.springframework.boot.test.context.SpringBootTestContextBootstrapper - Loaded default TestExecutionListener class names from location [META-INF/spring.factories]: [org.springframework.boot.test.autoconfigure.restdocs.RestDocsTestExecutionListener, org.springframework.boot.test.autoconfigure.web.client.MockRestServiceServerResetTestExecutionListener, org.springframework.boot.test.autoconfigure.web.servlet.MockMvcPrintOnlyOnFailureTestExecutionListener, org.springframework.boot.test.autoconfigure.web.servlet.WebDriverTestExecutionListener, org.springframework.boot.test.autoconfigure.webservices.client.MockWebServiceServerTestExecutionListener, org.springframework.boot.test.mock.mockito.MockitoTestExecutionListener, org.springframework.boot.test.mock.mockito.ResetMocksTestExecutionListener, org.springframework.test.context.web.ServletTestExecutionListener, org.springframework.test.context.support.DirtiesContextBeforeModesTestExecutionListener, org.springframework.test.context.event.ApplicationEventsTestExecutionListener, org.springframework.test.context.support.DependencyInjectionTestExecutionListener, org.springframework.test.context.support.DirtiesContextTestExecutionListener, org.springframework.test.context.transaction.TransactionalTestExecutionListener, org.springframework.test.context.jdbc.SqlScriptsTestExecutionListener, org.springframework.test.context.event.EventPublishingTestExecutionListener]
07:59:10.711 [Test worker] DEBUG org.springframework.boot.test.context.SpringBootTestContextBootstrapper - Skipping candidate TestExecutionListener [org.springframework.test.context.transaction.TransactionalTestExecutionListener] due to a missing dependency. Specify custom listener classes or make the default listener classes and their required dependencies available. Offending class: [org/springframework/transaction/interceptor/TransactionAttributeSource]
07:59:10.711 [Test worker] DEBUG org.springframework.boot.test.context.SpringBootTestContextBootstrapper - Skipping candidate TestExecutionListener [org.springframework.test.context.jdbc.SqlScriptsTestExecutionListener] due to a missing dependency. Specify custom listener classes or make the default listener classes and their required dependencies available. Offending class: [org/springframework/transaction/interceptor/TransactionAttribute]
07:59:10.712 [Test worker] INFO org.springframework.boot.test.context.SpringBootTestContextBootstrapper - Using TestExecutionListeners: [org.springframework.test.context.web.ServletTestExecutionListener@3e5499cc, org.springframework.test.context.support.DirtiesContextBeforeModesTestExecutionListener@67ab1c47, org.springframework.test.context.event.ApplicationEventsTestExecutionListener@b78a709, org.springframework.boot.test.mock.mockito.MockitoTestExecutionListener@30bcf3c1, org.springframework.boot.test.autoconfigure.SpringBootDependencyInjectionTestExecutionListener@2a3c96e3, org.springframework.test.context.support.DirtiesContextTestExecutionListener@15cafec7, org.springframework.test.context.event.EventPublishingTestExecutionListener@5b444398, org.springframework.boot.test.autoconfigure.restdocs.RestDocsTestExecutionListener@cb191ca, org.springframework.boot.test.autoconfigure.web.client.MockRestServiceServerResetTestExecutionListener@42f48531, org.springframework.boot.test.autoconfigure.web.servlet.MockMvcPrintOnlyOnFailureTestExecutionListener@a776e, org.springframework.boot.test.autoconfigure.web.servlet.WebDriverTestExecutionListener@792bbc74, org.springframework.boot.test.autoconfigure.webservices.client.MockWebServiceServerTestExecutionListener@79145d5a, org.springframework.boot.test.mock.mockito.ResetMocksTestExecutionListener@1f2f9244]
07:59:10.714 [Test worker] DEBUG org.springframework.test.context.support.AbstractDirtiesContextTestExecutionListener - Before test class: context [DefaultTestContext@60d1a32f testClass = CinemaRestApiApplicationTests, testInstance = [null], testMethod = [null], testException = [null], mergedContextConfiguration = [WebMergedContextConfiguration@531c311e testClass = CinemaRestApiApplicationTests, locations = '{}', classes = '{class come.projects.cinemarestapi.CinemaRestApiApplication}', contextInitializerClasses = '[]', activeProfiles = '{}', propertySourceLocations = '{}', propertySourceProperties = '{org.springframework.boot.test.context.SpringBootTestContextBootstrapper=true}', contextCustomizers = set[org.springframework.boot.test.autoconfigure.actuate.metrics.MetricsExportContextCustomizerFactory$DisableMetricExportContextCustomizer@7d286fb6, org.springframework.boot.test.autoconfigure.properties.PropertyMappingContextCustomizer@0, org.springframework.boot.test.autoconfigure.web.servlet.WebDriverContextCustomizerFactory$Customizer@301eda63, org.springframework.boot.test.context.filter.ExcludeFilterContextCustomizer@1bd39d3c, org.springframework.boot.test.json.DuplicateJsonObjectContextCustomizerFactory$DuplicateJsonObjectContextCustomizer@5454d35e, org.springframework.boot.test.mock.mockito.MockitoContextCustomizer@0, org.springframework.boot.test.web.client.TestRestTemplateContextCustomizer@4b213651, org.springframework.boot.test.context.SpringBootTestArgs@1, org.springframework.boot.test.context.SpringBootTestWebEnvironment@b2c9a9c], resourceBasePath = 'src/main/webapp', contextLoader = 'org.springframework.boot.test.context.SpringBootContextLoader', parent = [null]], attributes = map['org.springframework.test.context.web.ServletTestExecutionListener.activateListener' -> true]], class annotated with @DirtiesContext [false] with mode [null].

  .   ____          _            __ _ _
 /\\ / ___'_ __ _ _(_)_ __  __ _ \ \ \ \
( ( )\___ | '_ | '_| | '_ \/ _` | \ \ \ \
 \\/  ___)| |_)| | | | | || (_| |  ) ) ) )
  '  |____| .__|_| |_|_| |_\__, | / / / /
 =========|_|==============|___/=/_/_/_/
 :: Spring Boot ::                (v2.7.2)

2022-07-30 07:59:10.912  INFO 9680 --- [    Test worker] c.p.c.CinemaRestApiApplicationTests      : Starting CinemaRestApiApplicationTests using Java 17.0.3 on DESKTOP-DM0E31D with PID 9680 (started by mclilzee in /home/mclilzee/repo/cinema-rest-api)
2022-07-30 07:59:10.913  INFO 9680 --- [    Test worker] c.p.c.CinemaRestApiApplicationTests      : No active profile set, falling back to 1 default profile: "default"
2022-07-30 07:59:11.850  INFO 9680 --- [    Test worker] c.p.c.CinemaRestApiApplicationTests      : Started CinemaRestApiApplicationTests in 1.112 seconds (JVM running for 1.781)
]]></system-out>
  <system-err><![CDATA[]]></system-err>
</testsuite>
